[debug] [2022-06-25T20:45:16.940Z] ----------------------------------------------------------------------
[debug] [2022-06-25T20:45:16.941Z] Command:       /Users/samjandris/.nvm/versions/node/v18.4.0/bin/node /Users/samjandris/.nvm/versions/node/v18.4.0/bin/firebase deploy
[debug] [2022-06-25T20:45:16.941Z] CLI Version:   11.1.0
[debug] [2022-06-25T20:45:16.941Z] Platform:      darwin
[debug] [2022-06-25T20:45:16.941Z] Node Version:  v18.4.0
[debug] [2022-06-25T20:45:16.942Z] Time:          Sat Jun 25 2022 16:45:16 GMT-0400 (Eastern Daylight Time)
[debug] [2022-06-25T20:45:16.942Z] ----------------------------------------------------------------------
[debug] 
[debug] [2022-06-25T20:45:16.970Z] > command requires scopes: ["email","openid","https://www.googleapis.com/auth/cloudplatformprojects.readonly","https://www.googleapis.com/auth/firebase","https://www.googleapis.com/auth/cloud-platform"]
[debug] [2022-06-25T20:45:16.970Z] > authorizing via signed-in user (samjandris@gmail.com)
[debug] [2022-06-25T20:45:16.970Z] [iam] checking project campusguessr for permissions ["firebase.projects.get","firebasehosting.sites.update"]
[debug] [2022-06-25T20:45:16.971Z] >>> [apiv2][query] POST https://cloudresourcemanager.googleapis.com/v1/projects/campusguessr:testIamPermissions [none]
[debug] [2022-06-25T20:45:16.971Z] >>> [apiv2][body] POST https://cloudresourcemanager.googleapis.com/v1/projects/campusguessr:testIamPermissions {"permissions":["firebase.projects.get","firebasehosting.sites.update"]}
[debug] [2022-06-25T20:45:18.289Z] <<< [apiv2][status] POST https://cloudresourcemanager.googleapis.com/v1/projects/campusguessr:testIamPermissions 200
[debug] [2022-06-25T20:45:18.290Z] <<< [apiv2][body] POST https://cloudresourcemanager.googleapis.com/v1/projects/campusguessr:testIamPermissions {"permissions":["firebase.projects.get","firebasehosting.sites.update"]}
[debug] [2022-06-25T20:45:18.290Z] >>> [apiv2][query] GET https://firebase.googleapis.com/v1beta1/projects/campusguessr [none]
[debug] [2022-06-25T20:45:18.816Z] <<< [apiv2][status] GET https://firebase.googleapis.com/v1beta1/projects/campusguessr 200
[debug] [2022-06-25T20:45:18.816Z] <<< [apiv2][body] GET https://firebase.googleapis.com/v1beta1/projects/campusguessr {"projectId":"campusguessr","projectNumber":"295145381339","displayName":"campusguessr","name":"projects/campusguessr","resources":{"hostingSite":"campusguessr","realtimeDatabaseInstance":"campusguessr-default-rtdb"},"state":"ACTIVE"}
[info] 
[info] === Deploying to 'campusguessr'...
[info] 
[info] i  deploying hosting 
[debug] [2022-06-25T20:45:18.819Z] >>> [apiv2][query] GET https://firebase.googleapis.com/v1beta1/projects/campusguessr [none]
[debug] [2022-06-25T20:45:19.335Z] <<< [apiv2][status] GET https://firebase.googleapis.com/v1beta1/projects/campusguessr 200
[debug] [2022-06-25T20:45:19.335Z] <<< [apiv2][body] GET https://firebase.googleapis.com/v1beta1/projects/campusguessr {"projectId":"campusguessr","projectNumber":"295145381339","displayName":"campusguessr","name":"projects/campusguessr","resources":{"hostingSite":"campusguessr","realtimeDatabaseInstance":"campusguessr-default-rtdb"},"state":"ACTIVE"}
[debug] [2022-06-25T20:45:19.338Z] >>> [apiv2][query] POST https://firebasehosting.googleapis.com/v1beta1/projects/295145381339/sites/campusguessr/versions [none]
[debug] [2022-06-25T20:45:19.338Z] >>> [apiv2][body] POST https://firebasehosting.googleapis.com/v1beta1/projects/295145381339/sites/campusguessr/versions {"config":{"rewrites":[{"glob":"**","path":"/index.html"}]},"labels":{"deployment-tool":"cli-firebase"}}
